<?xml version="1.0" encoding="UTF-8"?>
<!-- Generated by org.testng.reporters.JUnitXMLReporter -->
<testsuite hostname="DESKTOP-NRNPBV7" ignored="0" name="Default test" tests="4" failures="0" timestamp="03 Nov 2020 05:18:30 GMT" time="0.533" errors="0">
  <testcase name="adminModule1" time="0.041" classname="com.orangeHrmLive.GroupTest"/>
  <testcase name="adminModule2" time="0.015" classname="com.orangeHrmLive.GroupTest"/>
  <testcase name="leaveModule1" time="0.03" classname="com.orangeHrmLive.GroupTest"/>
  <testcase name="leaveModule2" time="0.017" classname="com.orangeHrmLive.GroupTest"/>
</testsuite> <!-- Default test -->
