<?xml version="1.0" encoding="UTF-8"?>
<!-- Generated by org.testng.reporters.JUnitXMLReporter -->
<testsuite hostname="DESKTOP-NRNPBV7" ignored="0" name="Test" tests="6" failures="0" timestamp="03 Nov 2020 04:06:15 GMT" time="167.304" errors="0">
  <testcase name="f" time="33.409" classname="com.orangeHrmLive.XMLTest"/>
  <testcase name="f" time="29.091" classname="com.orangeHrmLive.XMLTest2"/>
  <testcase name="adminTest" time="8.328" classname="com.orangeHrmLive.TestNGDemo"/>
  <testcase name="leaveTest" time="8.761" classname="com.orangeHrmLive.TestNGDemo"/>
  <testcase name="pimTest" time="6.012" classname="com.orangeHrmLive.TestNGDemo"/>
  <testcase name="test" time="0.004" classname="com.orangeHrmLive.TestNGDemo"/>
</testsuite> <!-- Test -->
